<?xml version="1.0" encoding="UTF-8"?>
<testsuite xmlns:xsi="http://www.w3.org/2001/XMLSchema-instance" xsi:noNamespaceSchemaLocation="https://maven.apache.org/surefire/maven-surefire-plugin/xsd/surefire-test-report.xsd" name="mytest.AppTest" time="0.027" tests="3" errors="0" skipped="0" failures="1">
  <properties>
[...]
</properties>
  <testcase name="shouldAnswerWithTrue" classname="mytest.AppTest" time="0.001"/>
  <testcase name="testValue" classname="mytest.AppTest" time="0"/>
  <testcase name="testValue2" classname="mytest.AppTest" time="0.003">
    <failure message="expected:&lt;9&gt; but was:&lt;10&gt;" type="java.lang.AssertionError"><![CDATA[java.lang.AssertionError: expected:<9> but was:<10>
	at mytest.AppTest.testValue2(AppTest.java:33)
]]></failure>
  </testcase>
</testsuite>